[2025-07-12 21:49:04] INFO : Clé secrète chargée :
[2025-07-12 21:49:08] INFO : Clé secrète chargée :
[2025-07-12 21:49:31] INFO : Clé secrète chargée :
[2025-07-12 21:49:33] INFO : Clé secrète chargée :
[2025-07-12 21:49:34] INFO : Clé secrète chargée :
[2025-07-12 21:49:43] INFO : Clé secrète chargée :
[2025-07-12 21:49:44] INFO : Clé secrète chargée :
[2025-07-12 21:49:48] INFO : Clé secrète chargée :
[2025-07-12 21:49:49] INFO :  serveur demarré sur http://localhost:2025
[2025-07-12 21:49:54] INFO : Clé secrète chargée :
[2025-07-12 21:49:55] INFO :  serveur demarré sur http://localhost:2025
[2025-07-12 22:05:53] INFO : Clé secrète chargée :
[2025-07-12 22:05:54] INFO :  serveur demarré sur http://localhost:2025
[2025-07-12 22:15:55] INFO : Clé secrète chargée :
[2025-07-12 22:15:56] INFO :  serveur demarré sur http://localhost:2025
[2025-07-12 23:16:04] INFO : [REGISTER] Nouvel utilisateur créé : soumane14@gmail.com
[2025-07-12 23:16:06] INFO : [REGISTER] Email vérification envoyé à soumane14@gmail.com
[2025-07-12 23:25:27] INFO : [REGISTER] Nouvel utilisateur créé : soumane1@gmail.com
[2025-07-12 23:25:28] INFO : [REGISTER] Email vérification envoyé à soumane1@gmail.com
[2025-07-12 23:27:47] INFO : [REGISTER] Nouvel utilisateur créé : soumane@gmail.co
[2025-07-12 23:27:49] INFO : [REGISTER] Email vérification envoyé à soumane@gmail.co
[2025-07-12 23:38:59] INFO : Clé secrète chargée :
[2025-07-12 23:39:00] INFO :  serveur demarré sur http://localhost:2025
[2025-07-12 23:39:19] INFO : Clé secrète chargée :
[2025-07-12 23:39:20] INFO :  serveur demarré sur http://localhost:2025
[2025-07-12 23:39:50] INFO : Clé secrète chargée :
[2025-07-12 23:39:51] INFO :  serveur demarré sur http://localhost:2025
[2025-07-12 23:42:51] INFO : [REGISTER] Nouvel utilisateur créé : mamata@gmail.com
[2025-07-12 23:42:52] INFO : [REGISTER] Email vérification envoyé à mamata@gmail.com
[2025-07-13 00:21:36] INFO : [REGISTER] Utilisateur existant, nouveau code généré : soumane14@gmail.com
[2025-07-13 00:21:37] INFO : [REGISTER] Email vérification envoyé à soumane14@gmail.com
[2025-07-13 00:23:38] WARN : [REGISTER] Nouveau code trop tôt pour : soumane14@gmail.com
[2025-07-13 00:23:52] INFO : [REGISTER] Utilisateur existant, nouveau code généré : soumane1@gmail.com
[2025-07-13 00:23:53] INFO : [REGISTER] Email vérification envoyé à soumane1@gmail.com
[2025-07-13 00:24:42] INFO : [VERIFYEMAIL] Email vérifié pour : soumane1@gmail.com
[2025-07-13 01:36:34] INFO : Clé secrète chargée :
[2025-07-13 01:36:39] INFO :  serveur demarré sur http://localhost:2025
[2025-07-13 01:36:43] INFO : Clé secrète chargée :
[2025-07-13 01:36:44] INFO :  serveur demarré sur http://localhost:2025
[2025-07-13 01:38:20] INFO : Clé secrète chargée :
[2025-07-13 01:38:21] INFO :  serveur demarré sur http://localhost:2025
[2025-07-13 01:39:02] INFO : Clé secrète chargée :
[2025-07-13 01:39:03] INFO :  serveur demarré sur http://localhost:2025
[2025-07-13 01:39:21] INFO : Clé secrète chargée :
[2025-07-13 01:39:22] INFO :  serveur demarré sur http://localhost:2025
[2025-07-13 01:39:24] INFO : Clé secrète chargée :
[2025-07-13 01:39:25] INFO :  serveur demarré sur http://localhost:2025
[2025-07-13 01:39:26] INFO : Clé secrète chargée :
[2025-07-13 01:39:27] INFO :  serveur demarré sur http://localhost:2025
[2025-07-13 01:39:32] INFO : Clé secrète chargée :
[2025-07-13 01:39:33] INFO :  serveur demarré sur http://localhost:2025
[2025-07-13 01:39:35] INFO : Clé secrète chargée :
[2025-07-13 01:39:36] INFO :  serveur demarré sur http://localhost:2025
[2025-07-13 01:43:44] INFO : Clé secrète chargée :
[2025-07-13 01:43:46] INFO :  serveur demarré sur http://localhost:2025
[2025-07-13 01:43:48] INFO : Clé secrète chargée :
[2025-07-13 01:43:49] INFO :  serveur demarré sur http://localhost:2025
[2025-07-13 01:45:16] INFO : Clé secrète chargée :
[2025-07-13 01:45:18] INFO :  serveur demarré sur http://localhost:2025
[2025-07-13 01:45:34] INFO : [REGISTER] Utilisateur existant, nouveau code généré : mamata@gmail.com
[2025-07-13 01:45:36] INFO : [REGISTER] Email vérification envoyé à mamata@gmail.com
[2025-07-13 01:45:59] WARN : [VERIFYEMAIL] Code expiré pour soumane14@gmail.com
[2025-07-13 01:46:04] WARN : [VERIFYEMAIL] Code expiré pour soumane14@gmail.com
[2025-07-13 01:46:18] WARN : [REGISTER] Nouveau code trop tôt pour : mamata@gmail.com
[2025-07-13 01:53:28] INFO : [REGISTER] Nouvel utilisateur créé : oumar@gmail.com
[2025-07-13 01:53:30] INFO : [REGISTER] Email vérification envoyé à oumar@gmail.com
[2025-07-13 01:54:03] INFO : Clé secrète chargée :
[2025-07-13 01:54:04] INFO :  serveur demarré sur http://localhost:2025
[2025-07-13 01:54:07] INFO : Clé secrète chargée :
[2025-07-13 01:54:08] INFO :  serveur demarré sur http://localhost:2025
[2025-07-13 02:00:58] INFO : Clé secrète chargée :
[2025-07-13 02:01:00] INFO :  serveur demarré sur http://localhost:2025
[2025-07-13 02:01:01] INFO : Clé secrète chargée :
[2025-07-13 02:01:02] INFO :  serveur demarré sur http://localhost:2025
[2025-07-13 02:01:13] INFO : Clé secrète chargée :
[2025-07-13 02:01:14] INFO :  serveur demarré sur http://localhost:2025
[2025-07-13 02:01:18] INFO : Clé secrète chargée :
[2025-07-13 02:01:20] INFO :  serveur demarré sur http://localhost:2025
[2025-07-13 02:07:07] INFO : Clé secrète chargée :
[2025-07-13 02:07:11] INFO :  serveur demarré sur http://localhost:2025
[2025-07-13 02:09:33] INFO : Clé secrète chargée :
[2025-07-13 02:09:34] INFO :  serveur demarré sur http://localhost:2025
[2025-07-13 02:13:25] INFO : Clé secrète chargée :
[2025-07-13 02:13:26] INFO :  serveur demarré sur http://localhost:2025
[2025-07-13 02:13:28] INFO : Clé secrète chargée :
[2025-07-13 02:13:29] INFO :  serveur demarré sur http://localhost:2025
[2025-07-13 02:43:04] WARN : [LOGIN] Tentative de login email non trouvé/non vérifié : soumane14@gmail.com
[2025-07-13 02:45:13] WARN : [LOGIN] Tentative de login email non trouvé/non vérifié : soumane14@gmail.com
[2025-07-13 02:45:26] INFO : [REGISTER] Utilisateur existant, nouveau code généré : mamata@gmail.com
[2025-07-13 02:45:27] INFO : [REGISTER] Email vérification envoyé à mamata@gmail.com
[2025-07-13 02:47:39] INFO : [REGISTER] Utilisateur existant, nouveau code généré : soumane14@gmail.com
[2025-07-13 02:47:40] INFO : [REGISTER] Email vérification envoyé à soumane14@gmail.com
[2025-07-13 02:48:18] INFO : [VERIFYEMAIL] Email vérifié pour : soumane14@gmail.com
[2025-07-13 02:48:22] INFO : [LOGIN] Connexion réussie : soumane14@gmail.com, rôle : user
[2025-07-13 02:50:38] WARN : [REGISTER] Email déjà vérifié : soumane14@gmail.com
[2025-07-13 02:52:06] WARN : [LOGIN] Mot de passe incorrect pour : soumane14@gmail.com
[2025-07-13 03:02:12] WARN : [LOGIN] Tentative de login email non trouvé/non vérifié : soumanne@gmail.com
[2025-07-13 03:02:13] WARN : [LOGIN] Tentative de login email non trouvé/non vérifié : soumanne@gmail.com
[2025-07-13 03:02:14] WARN : [LOGIN] Tentative de login email non trouvé/non vérifié : soumanne@gmail.com
[2025-07-13 03:02:15] WARN : [LOGIN] Tentative de login email non trouvé/non vérifié : soumanne@gmail.com
[2025-07-13 03:02:16] WARN : [LOGIN] Tentative de login email non trouvé/non vérifié : soumanne@gmail.com
[2025-07-13 03:04:36] INFO : Clé secrète chargée :
[2025-07-13 03:04:39] INFO :  serveur demarré sur http://localhost:2025
[2025-07-13 03:04:45] WARN : [LOGIN] Tentative de login email non trouvé/non vérifié : oumar@gmail.com
[2025-07-13 03:05:02] INFO : [LOGIN] Connexion réussie : soumane14@gmail.com, rôle : user
[2025-07-13 03:05:30] WARN : [LOGIN] Mot de passe incorrect pour : soumane1@gmail.com
[2025-07-13 03:05:34] WARN : [LOGIN] Mot de passe incorrect pour : soumane1@gmail.com
[2025-07-13 03:05:35] WARN : [LOGIN] Mot de passe incorrect pour : soumane1@gmail.com
[2025-07-13 03:05:37] WARN : [LOGIN] Mot de passe incorrect pour : soumane1@gmail.com
[2025-07-13 03:05:39] WARN : [LOGIN] Mot de passe incorrect pour : soumane1@gmail.com
[2025-07-13 03:12:39] INFO : Clé secrète chargée :
[2025-07-13 03:12:39] INFO :  serveur demarré sur http://localhost:2025
[2025-07-13 03:12:46] INFO : Clé secrète chargée :
[2025-07-13 03:12:47] INFO :  serveur demarré sur http://localhost:2025
[2025-07-13 03:22:28] INFO : Clé secrète chargée :
[2025-07-13 03:22:29] INFO :  serveur demarré sur http://localhost:2025
[2025-07-13 03:22:34] INFO : [LOGIN] Connexion réussie : soumane14@gmail.com, rôle : user
[2025-07-13 03:23:04] INFO : Clé secrète chargée :
[2025-07-13 03:23:04] INFO :  serveur demarré sur http://localhost:2025
[2025-07-13 03:24:31] INFO : Clé secrète chargée :
[2025-07-13 03:24:31] INFO :  serveur demarré sur http://localhost:2025
[2025-07-13 03:24:37] WARN : [LOGIN] Tentative de login email non trouvé/non vérifié : soumanneuf@gmail.com
[2025-07-13 03:24:40] WARN : [LOGIN] Tentative de login email non trouvé/non vérifié : soumanneuf@gmail.com
[2025-07-13 03:24:42] WARN : [LOGIN] Tentative de login email non trouvé/non vérifié : soumanneuf@gmail.com
[2025-07-13 03:24:44] WARN : [LOGIN] Tentative de login email non trouvé/non vérifié : soumanneuf@gmail.com
[2025-07-13 03:25:19] INFO : Clé secrète chargée :
[2025-07-13 03:25:19] INFO :  serveur demarré sur http://localhost:2025
[2025-07-13 03:25:24] WARN : [LOGIN] Tentative de login email non trouvé/non vérifié : alphaousmaneousmane@gmail.com
[2025-07-13 03:25:27] WARN : [LOGIN] Tentative de login email non trouvé/non vérifié : alphaousmaneousmane@gmail.com
[2025-07-13 03:25:29] WARN : [LOGIN] Tentative de login email non trouvé/non vérifié : alphaousmaneousmane@gmail.com
[2025-07-13 03:25:30] WARN : [LOGIN] Tentative de login email non trouvé/non vérifié : alphaousmaneousmane@gmail.com
[2025-07-13 03:26:28] INFO : Clé secrète chargée :
[2025-07-13 03:26:29] INFO :  serveur demarré sur http://localhost:2025
[2025-07-13 03:26:34] INFO : Clé secrète chargée :
[2025-07-13 03:26:35] INFO :  serveur demarré sur http://localhost:2025
[2025-07-13 03:26:39] WARN : [LOGIN] Tentative de login email non trouvé/non vérifié : alphaousmaneousmane@gmail.com
[2025-07-13 03:26:41] WARN : [LOGIN] Tentative de login email non trouvé/non vérifié : alphaousmaneousmane@gmail.com
[2025-07-13 03:26:42] WARN : [LOGIN] Tentative de login email non trouvé/non vérifié : alphaousmaneousmane@gmail.com
[2025-07-13 03:26:43] WARN : [LOGIN] Tentative de login email non trouvé/non vérifié : alphaousmaneousmane@gmail.com
[2025-07-13 03:26:45] WARN : [LOGIN] Tentative de login email non trouvé/non vérifié : alphaousmaneousmane@gmail.com
[2025-07-13 03:29:48] INFO : Clé secrète chargée :
[2025-07-13 03:29:49] INFO :  serveur demarré sur http://localhost:2025
[2025-07-13 03:31:10] WARN : [LOGIN] Mot de passe incorrect pour : soumane14@gmail.com
[2025-07-13 03:31:22] WARN : [LOGIN] Mot de passe incorrect pour : soumane14@gmail.com
[2025-07-13 03:31:24] WARN : [LOGIN] Mot de passe incorrect pour : soumane14@gmail.com
[2025-07-13 03:31:25] WARN : [LOGIN] Mot de passe incorrect pour : soumane14@gmail.com
[2025-07-13 03:31:27] WARN : [LOGIN] Mot de passe incorrect pour : soumane14@gmail.com
[2025-07-13 03:43:39] INFO : Clé secrète chargée :
[2025-07-13 03:43:40] INFO :  serveur demarré sur http://localhost:2025
[2025-07-13 03:45:53] INFO : Clé secrète chargée :
[2025-07-13 03:45:54] INFO :  serveur demarré sur http://localhost:2025
[2025-07-13 03:45:56] INFO : Clé secrète chargée :
[2025-07-13 03:45:57] INFO :  serveur demarré sur http://localhost:2025
[2025-07-13 03:45:58] INFO : Clé secrète chargée :
[2025-07-13 03:45:59] INFO :  serveur demarré sur http://localhost:2025
[2025-07-13 03:46:13] WARN : [LOGIN] Mot de passe incorrect pour : soumane14@gmail.com
[2025-07-13 03:46:15] WARN : [LOGIN] Mot de passe incorrect pour : soumane14@gmail.com
[2025-07-13 03:46:36] WARN : [LOGIN] Mot de passe incorrect pour : soumane14@gmail.com
[2025-07-13 03:46:37] WARN : [LOGIN] Mot de passe incorrect pour : soumane14@gmail.com
[2025-07-13 03:46:40] WARN : [LOGIN] Mot de passe incorrect pour : soumane14@gmail.com
[2025-07-13 03:48:22] INFO : Clé secrète chargée :
[2025-07-13 03:48:22] INFO :  serveur demarré sur http://localhost:2025
[2025-07-13 03:48:35] INFO : Clé secrète chargée :
[2025-07-13 03:48:36] INFO :  serveur demarré sur http://localhost:2025
[2025-07-13 03:48:38] INFO : Clé secrète chargée :
[2025-07-13 03:48:39] INFO :  serveur demarré sur http://localhost:2025
[2025-07-13 03:48:43] INFO : Clé secrète chargée :
[2025-07-13 03:48:44] INFO :  serveur demarré sur http://localhost:2025
[2025-07-13 03:48:47] WARN : [LOGIN] Mot de passe incorrect pour : soumane14@gmail.com
[2025-07-13 03:48:48] WARN : [LOGIN] Mot de passe incorrect pour : soumane14@gmail.com
[2025-07-13 03:48:49] WARN : [LOGIN] Mot de passe incorrect pour : soumane14@gmail.com
[2025-07-13 03:48:50] WARN : [LOGIN] Mot de passe incorrect pour : soumane14@gmail.com
[2025-07-13 03:48:51] WARN : [LOGIN] Mot de passe incorrect pour : soumane14@gmail.com
[2025-07-13 03:49:23] INFO : Clé secrète chargée :
[2025-07-13 03:49:23] INFO :  serveur demarré sur http://localhost:2025
[2025-07-13 03:49:31] INFO : [LOGIN] Connexion réussie : soumane14@gmail.com, rôle : user
[2025-07-13 03:49:39] INFO : [LOGIN] Connexion réussie : soumane14@gmail.com, rôle : user
[2025-07-13 03:49:43] INFO : [LOGIN] Connexion réussie : soumane14@gmail.com, rôle : user
[2025-07-13 03:49:49] INFO : [LOGIN] Connexion réussie : soumane14@gmail.com, rôle : user
[2025-07-13 03:49:53] INFO : [LOGIN] Connexion réussie : soumane14@gmail.com, rôle : user
[2025-07-13 03:50:18] INFO : Clé secrète chargée :
[2025-07-13 03:50:18] INFO :  serveur demarré sur http://localhost:2025
[2025-07-13 03:50:24] INFO : Clé secrète chargée :
[2025-07-13 03:50:25] INFO :  serveur demarré sur http://localhost:2025
[2025-07-13 03:56:23] INFO : Clé secrète chargée :
[2025-07-13 03:56:24] INFO :  serveur demarré sur http://localhost:2025
[2025-07-13 03:56:38] WARN : [LOGIN] Mot de passe incorrect pour : soumane14@gmail.com
[2025-07-13 03:57:41] WARN : [LOGIN] Mot de passe incorrect pour : soumane14@gmail.com
[2025-07-13 03:58:05] INFO : Clé secrète chargée :
[2025-07-13 03:58:05] INFO :  serveur demarré sur http://localhost:2025
[2025-07-13 03:58:13] INFO : [LOGIN] Connexion réussie : soumane14@gmail.com, rôle : user
[2025-07-13 03:58:20] INFO : [LOGIN] Connexion réussie : soumane14@gmail.com, rôle : user
[2025-07-13 04:16:15] INFO : [LOGIN] Connexion réussie : soumane14@gmail.com, rôle : user
[2025-07-13 04:17:35] INFO : [LOGIN] Connexion réussie : soumane14@gmail.com, rôle : user
[2025-07-13 15:41:44] INFO : Clé secrète chargée :
[2025-07-13 15:41:47] INFO :  serveur demarré sur http://localhost:2025
[2025-07-13 15:42:44] INFO : Clé secrète chargée :
[2025-07-13 15:42:45] INFO :  serveur demarré sur http://localhost:2025
[2025-07-13 15:42:51] INFO : Clé secrète chargée :
[2025-07-13 15:42:52] INFO :  serveur demarré sur http://localhost:2025
[2025-07-13 15:44:53] WARN : [LOGIN] Tentative de login email non trouvé/non vérifié : oumar@gmail.com
[2025-07-13 15:45:55] INFO : [LOGIN] Connexion réussie : soumane14@gmail.com, rôle : user
[2025-07-13 16:01:18] INFO : Clé secrète chargée :
[2025-07-13 16:01:19] INFO :  serveur demarré sur http://localhost:2025
[2025-07-13 16:02:15] INFO : Clé secrète chargée :
[2025-07-13 16:02:15] INFO :  serveur demarré sur http://localhost:2025
[2025-07-13 16:03:32] INFO : Clé secrète chargée :
[2025-07-13 16:03:33] INFO :  serveur demarré sur http://localhost:2025
[2025-07-13 16:04:41] INFO : [LOGIN] Connexion réussie : soumane14@gmail.com, rôle : user
[2025-07-13 18:20:46] INFO : [LOGIN] Connexion réussie : soumane14@gmail.com, rôle : user
[2025-07-13 18:40:18] INFO : Clé secrète chargée :
[2025-07-13 18:40:20] INFO :  serveur demarré sur http://localhost:2025
[2025-07-13 18:47:04] INFO : [LOGIN] Connexion réussie : soumane14@gmail.com, rôle : user
[2025-07-13 18:47:33] INFO : [LOGIN] Connexion réussie : soumane14@gmail.com, rôle : user
[2025-07-13 18:50:48] INFO : Clé secrète chargée :
[2025-07-13 18:50:49] INFO :  serveur demarré sur http://localhost:2025
[2025-07-13 18:51:00] INFO : [LOGIN] Connexion réussie : soumane14@gmail.com, rôle : user
[2025-07-13 18:51:31] INFO : Clé secrète chargée :
[2025-07-13 18:51:31] INFO :  serveur demarré sur http://localhost:2025
[2025-07-13 18:51:36] INFO : [LOGIN] Connexion réussie : soumane14@gmail.com, rôle : user
[2025-07-13 18:53:15] INFO : [LOGIN] Connexion réussie : soumane14@gmail.com, rôle : user
[2025-07-13 18:57:22] INFO : Clé secrète chargée :
[2025-07-13 18:57:24] INFO :  serveur demarré sur http://localhost:2025
[2025-07-13 19:01:32] INFO : Clé secrète chargée :
[2025-07-13 19:01:33] INFO :  serveur demarré sur http://localhost:2025
[2025-07-13 19:03:45] INFO : Clé secrète chargée :
[2025-07-13 19:03:47] INFO :  serveur demarré sur http://localhost:2025
[2025-07-13 19:14:51] INFO : Clé secrète chargée :
[2025-07-13 19:14:52] INFO :  serveur demarré sur http://localhost:2025
[2025-07-13 19:15:44] INFO : [LOGIN] Connexion réussie : soumane14@gmail.com, rôle : user
[2025-07-13 19:15:58] INFO : Clé secrète chargée :
[2025-07-13 19:15:59] INFO :  serveur demarré sur http://localhost:2025
[2025-07-13 19:16:01] INFO : Clé secrète chargée :
[2025-07-13 19:16:02] INFO :  serveur demarré sur http://localhost:2025
[2025-07-13 19:16:03] INFO : Clé secrète chargée :
[2025-07-13 19:16:04] INFO :  serveur demarré sur http://localhost:2025
[2025-07-13 19:16:09] INFO : Clé secrète chargée :
[2025-07-13 19:16:11] INFO :  serveur demarré sur http://localhost:2025
[2025-07-13 19:25:24] INFO : Clé secrète chargée :
[2025-07-13 19:25:25] INFO :  serveur demarré sur http://localhost:2025
[2025-07-13 19:25:41] INFO : Clé secrète chargée :
[2025-07-13 19:25:42] INFO :  serveur demarré sur http://localhost:2025
[2025-07-13 19:25:47] INFO : Clé secrète chargée :
[2025-07-13 19:25:48] INFO :  serveur demarré sur http://localhost:2025
[2025-07-13 19:25:50] INFO : Clé secrète chargée :
[2025-07-13 19:25:51] INFO :  serveur demarré sur http://localhost:2025
[2025-07-13 19:26:01] INFO : Clé secrète chargée :
[2025-07-13 19:26:03] INFO :  serveur demarré sur http://localhost:2025
[2025-07-13 19:26:04] INFO : Clé secrète chargée :
[2025-07-13 19:26:05] INFO :  serveur demarré sur http://localhost:2025
[2025-07-13 19:27:28] INFO : Clé secrète chargée :
[2025-07-13 19:27:28] INFO :  serveur demarré sur http://localhost:2025
[2025-07-13 19:27:40] INFO : Clé secrète chargée :
[2025-07-13 19:27:41] INFO :  serveur demarré sur http://localhost:2025
[2025-07-13 19:27:58] INFO : Clé secrète chargée :
[2025-07-13 19:27:59] INFO :  serveur demarré sur http://localhost:2025
[2025-07-13 19:28:05] INFO : Clé secrète chargée :
[2025-07-13 19:28:06] INFO :  serveur demarré sur http://localhost:2025
[2025-07-13 19:28:32] INFO : Clé secrète chargée :
[2025-07-13 19:28:33] INFO :  serveur demarré sur http://localhost:2025
[2025-07-13 19:28:38] INFO : Clé secrète chargée :
[2025-07-13 19:28:40] INFO :  serveur demarré sur http://localhost:2025
[2025-07-13 19:28:43] INFO : Clé secrète chargée :
[2025-07-13 19:28:44] INFO :  serveur demarré sur http://localhost:2025
[2025-07-13 19:30:39] INFO : Clé secrète chargée :
[2025-07-13 19:30:40] INFO :  serveur demarré sur http://localhost:2025
[2025-07-13 19:31:00] INFO : Clé secrète chargée :
[2025-07-13 19:31:01] INFO :  serveur demarré sur http://localhost:2025
[2025-07-13 19:31:04] INFO : Clé secrète chargée :
[2025-07-13 19:31:05] INFO :  serveur demarré sur http://localhost:2025
[2025-07-13 19:36:13] INFO : [LOGIN] Connexion réussie : soumane14@gmail.com, rôle : admin
[2025-07-13 19:37:28] INFO : [LOGIN] Connexion réussie : soumane14@gmail.com, rôle : admin
[2025-07-13 19:41:31] INFO : [LOGIN] Connexion réussie : soumane14@gmail.com, rôle : admin
[2025-07-13 19:42:23] INFO : Clé secrète chargée :
[2025-07-13 19:42:24] INFO :  serveur demarré sur http://localhost:2025
[2025-07-13 19:42:42] INFO : [LOGIN] Connexion réussie : soumane14@gmail.com, rôle : admin
[2025-07-13 20:03:07] INFO : Clé secrète chargée :
[2025-07-13 20:03:08] INFO :  serveur demarré sur http://localhost:2025
[2025-07-13 20:04:16] INFO : Clé secrète chargée :
[2025-07-13 20:04:18] INFO :  serveur demarré sur http://localhost:2025
[2025-07-13 20:04:40] INFO : Clé secrète chargée :
[2025-07-13 20:04:41] INFO :  serveur demarré sur http://localhost:2025
[2025-07-13 20:04:44] INFO : Clé secrète chargée :
[2025-07-13 20:04:45] INFO :  serveur demarré sur http://localhost:2025
[2025-07-13 20:04:48] INFO : Clé secrète chargée :
[2025-07-13 20:04:49] INFO :  serveur demarré sur http://localhost:2025
[2025-07-13 20:09:13] INFO : Clé secrète chargée :
[2025-07-13 20:09:14] INFO :  serveur demarré sur http://localhost:2025
[2025-07-13 20:13:52] INFO : Clé secrète chargée :
[2025-07-13 20:13:53] INFO :  serveur demarré sur http://localhost:2025
[2025-07-13 20:23:10] INFO : Clé secrète chargée :
[2025-07-13 20:23:12] INFO :  serveur demarré sur http://localhost:2025
[2025-07-13 20:25:04] INFO : Clé secrète chargée :
[2025-07-13 20:25:05] INFO :  serveur demarré sur http://localhost:2025
[2025-07-13 20:25:22] INFO : Clé secrète chargée :
[2025-07-13 20:25:23] INFO :  serveur demarré sur http://localhost:2025
[2025-07-13 21:48:08] INFO : Clé secrète chargée :
[2025-07-13 21:48:09] INFO :  serveur demarré sur http://localhost:2025
[2025-07-13 21:48:17] INFO : Clé secrète chargée :
[2025-07-13 21:48:18] INFO :  serveur demarré sur http://localhost:2025
[2025-07-13 21:50:18] INFO : Clé secrète chargée :
[2025-07-13 21:50:20] INFO :  serveur demarré sur http://localhost:2025
[2025-07-13 21:50:55] INFO : Clé secrète chargée :
[2025-07-13 21:50:57] INFO :  serveur demarré sur http://localhost:2025
[2025-07-13 21:50:57] INFO : Clé secrète chargée :
[2025-07-13 21:50:58] INFO :  serveur demarré sur http://localhost:2025
[2025-07-13 21:51:16] INFO : Clé secrète chargée :
[2025-07-13 21:51:17] INFO :  serveur demarré sur http://localhost:2025
[2025-07-14 00:41:48] INFO : Clé secrète chargée :
[2025-07-14 00:41:52] INFO :  serveur demarré sur http://localhost:2025
[2025-07-14 00:42:57] INFO : [LOGIN] Connexion réussie : soumane14@gmail.com, rôle : admin
[2025-07-14 01:00:11] INFO : Clé secrète chargée :
[2025-07-14 01:00:12] INFO :  serveur demarré sur http://localhost:2025
[2025-07-14 01:00:18] INFO : Clé secrète chargée :
[2025-07-14 01:00:19] INFO :  serveur demarré sur http://localhost:2025
[2025-07-14 01:01:08] INFO : Clé secrète chargée :
[2025-07-14 01:01:09] INFO :  serveur demarré sur http://localhost:2025
[2025-07-14 01:01:15] INFO : Clé secrète chargée :
[2025-07-14 01:01:16] INFO :  serveur demarré sur http://localhost:2025
[2025-07-14 01:01:44] INFO : Clé secrète chargée :
[2025-07-14 01:01:45] INFO :  serveur demarré sur http://localhost:2025
[2025-07-14 01:11:13] INFO : Clé secrète chargée :
[2025-07-14 01:11:14] INFO :  serveur demarré sur http://localhost:2025
[2025-07-14 01:17:57] INFO : Clé secrète chargée :
[2025-07-14 01:17:59] INFO :  serveur demarré sur http://localhost:2025
[2025-07-14 01:18:01] INFO : Clé secrète chargée :
[2025-07-14 01:18:02] INFO :  serveur demarré sur http://localhost:2025
[2025-07-14 01:19:15] INFO : Clé secrète chargée :
[2025-07-14 01:19:16] INFO :  serveur demarré sur http://localhost:2025
[2025-07-14 01:19:24] INFO : Clé secrète chargée :
[2025-07-14 01:19:25] INFO :  serveur demarré sur http://localhost:2025
[2025-07-14 01:19:34] INFO : Clé secrète chargée :
[2025-07-14 01:19:35] INFO :  serveur demarré sur http://localhost:2025
[2025-07-14 01:19:37] INFO : Clé secrète chargée :
[2025-07-14 01:19:38] INFO :  serveur demarré sur http://localhost:2025
[2025-07-14 01:21:30] INFO : Clé secrète chargée :
[2025-07-14 01:21:32] INFO :  serveur demarré sur http://localhost:2025
[2025-07-14 01:21:33] INFO : Clé secrète chargée :
[2025-07-14 01:21:34] INFO :  serveur demarré sur http://localhost:2025
[2025-07-14 01:24:27] INFO : Clé secrète chargée :
[2025-07-14 01:24:28] INFO :  serveur demarré sur http://localhost:2025
[2025-07-14 01:24:43] INFO : Clé secrète chargée :
[2025-07-14 01:24:44] INFO :  serveur demarré sur http://localhost:2025
[2025-07-14 01:33:08] INFO : Clé secrète chargée :
[2025-07-14 01:33:10] INFO :  serveur demarré sur http://localhost:2025
[2025-07-14 01:33:15] INFO : Clé secrète chargée :
[2025-07-14 01:33:17] INFO :  serveur demarré sur http://localhost:2025
[2025-07-14 01:34:22] INFO : Clé secrète chargée :
[2025-07-14 01:34:23] INFO :  serveur demarré sur http://localhost:2025
[2025-07-14 01:34:23] INFO : Clé secrète chargée :
[2025-07-14 01:34:25] INFO :  serveur demarré sur http://localhost:2025
[2025-07-14 01:36:30] INFO : Clé secrète chargée :
[2025-07-14 01:36:31] INFO :  serveur demarré sur http://localhost:2025
[2025-07-14 01:37:40] INFO : Clé secrète chargée :
[2025-07-14 01:37:41] INFO :  serveur demarré sur http://localhost:2025
[2025-07-14 01:38:59] INFO : Clé secrète chargée :
[2025-07-14 01:39:01] INFO :  serveur demarré sur http://localhost:2025
[2025-07-14 01:39:24] INFO : Clé secrète chargée :
[2025-07-14 01:39:25] INFO :  serveur demarré sur http://localhost:2025
[2025-07-14 01:39:26] INFO : Clé secrète chargée :
[2025-07-14 01:39:28] INFO :  serveur demarré sur http://localhost:2025
[2025-07-14 01:42:08] INFO : Clé secrète chargée :
[2025-07-14 01:42:09] INFO :  serveur demarré sur http://localhost:2025
[2025-07-14 01:47:31] INFO : Clé secrète chargée :
[2025-07-14 01:47:32] INFO :  serveur demarré sur http://localhost:2025
[2025-07-14 01:51:08] INFO : Clé secrète chargée :
[2025-07-14 01:51:09] INFO :  serveur demarré sur http://localhost:2025
[2025-07-14 01:51:28] INFO : Clé secrète chargée :
[2025-07-14 01:51:30] INFO :  serveur demarré sur http://localhost:2025
[2025-07-14 01:51:33] INFO : Clé secrète chargée :
[2025-07-14 01:51:34] INFO :  serveur demarré sur http://localhost:2025
[2025-07-14 01:56:11] WARN : [LOGIN] Mot de passe incorrect pour : soumane1@gmail.com
[2025-07-14 01:58:04] INFO : Clé secrète chargée :
[2025-07-14 01:58:05] INFO :  serveur demarré sur http://localhost:2025
[2025-07-14 01:59:18] INFO : Clé secrète chargée :
[2025-07-14 01:59:19] INFO :  serveur demarré sur http://localhost:2025
[2025-07-14 02:02:52] INFO : Clé secrète chargée :
[2025-07-14 02:02:53] INFO :  serveur demarré sur http://localhost:2025
[2025-07-14 02:04:55] INFO : Clé secrète chargée :
[2025-07-14 02:04:56] INFO :  serveur demarré sur http://localhost:2025
[2025-07-14 02:07:25] INFO : Clé secrète chargée :
[2025-07-14 02:07:26] INFO :  serveur demarré sur http://localhost:2025
[2025-07-14 02:08:45] INFO : Clé secrète chargée :
[2025-07-14 02:08:46] INFO :  serveur demarré sur http://localhost:2025
[2025-07-14 02:08:51] INFO : Clé secrète chargée :
[2025-07-14 02:08:53] INFO :  serveur demarré sur http://localhost:2025
[2025-07-14 02:09:08] INFO : Clé secrète chargée :
[2025-07-14 02:09:09] INFO :  serveur demarré sur http://localhost:2025
[2025-07-14 02:09:10] INFO : Clé secrète chargée :
[2025-07-14 02:09:12] INFO :  serveur demarré sur http://localhost:2025
[2025-07-14 02:09:12] INFO : Clé secrète chargée :
[2025-07-14 02:09:14] INFO :  serveur demarré sur http://localhost:2025
[2025-07-14 02:09:39] INFO : Clé secrète chargée :
[2025-07-14 02:09:40] INFO :  serveur demarré sur http://localhost:2025
[2025-07-14 02:23:04] INFO : Clé secrète chargée :
[2025-07-14 02:23:05] INFO :  serveur demarré sur http://localhost:2025
[2025-07-14 02:26:41] INFO : Clé secrète chargée :
[2025-07-14 02:26:42] INFO :  serveur demarré sur http://localhost:2025
[2025-07-14 02:26:54] INFO : Clé secrète chargée :
[2025-07-14 02:26:56] INFO :  serveur demarré sur http://localhost:2025
[2025-07-14 02:27:35] INFO : Clé secrète chargée :
[2025-07-14 02:27:36] INFO :  serveur demarré sur http://localhost:2025
[2025-07-14 02:27:54] INFO : Clé secrète chargée :
[2025-07-14 02:27:56] INFO :  serveur demarré sur http://localhost:2025
[2025-07-14 02:28:48] INFO : Clé secrète chargée :
[2025-07-14 02:28:50] INFO :  serveur demarré sur http://localhost:2025
[2025-07-14 02:28:57] INFO : Clé secrète chargée :
[2025-07-14 02:28:58] INFO :  serveur demarré sur http://localhost:2025
[2025-07-14 02:29:03] INFO : Clé secrète chargée :
[2025-07-14 02:29:04] INFO :  serveur demarré sur http://localhost:2025
[2025-07-14 02:29:27] INFO : Clé secrète chargée :
[2025-07-14 02:29:27] INFO :  serveur demarré sur http://localhost:2025
[2025-07-14 02:30:49] INFO : Clé secrète chargée :
[2025-07-14 02:30:51] INFO :  serveur demarré sur http://localhost:2025
[2025-07-14 02:31:17] INFO : Clé secrète chargée :
[2025-07-14 02:31:19] INFO :  serveur demarré sur http://localhost:2025
[2025-07-14 02:31:30] INFO : Clé secrète chargée :
[2025-07-14 02:31:31] INFO :  serveur demarré sur http://localhost:2025
[2025-07-14 02:34:21] INFO : Clé secrète chargée :
[2025-07-14 02:34:23] INFO :  serveur demarré sur http://localhost:2025
[2025-07-14 02:34:50] INFO : [REGISTER] Nouvel utilisateur créé : mamlata@gmail.coml
[2025-07-14 02:34:53] INFO : [REGISTER] Email vérification envoyé à mamlata@gmail.coml
[2025-07-14 02:36:13] INFO : [VERIFYEMAIL] Email vérifié pour : mamlata@gmail.coml
[2025-07-14 02:37:54] INFO : Clé secrète chargée :
[2025-07-14 02:37:55] INFO :  serveur demarré sur http://localhost:2025
[2025-07-14 02:37:59] INFO : Clé secrète chargée :
[2025-07-14 02:38:00] INFO :  serveur demarré sur http://localhost:2025
[2025-07-14 02:38:58] INFO : [LOGIN] Connexion réussie : soumane14@gmail.com, rôle : admin
[2025-07-14 02:40:35] INFO : [LOGIN] Connexion réussie : mamlata@gmail.coml, rôle : user
[2025-07-14 02:41:00] WARN : [ADMIN] Accès refusé à une route admin
[2025-07-14 02:41:11] WARN : [ADMIN] Accès refusé à une route admin
[2025-07-14 02:41:15] WARN : [ADMIN] Accès refusé à une route admin
[2025-07-14 02:41:18] WARN : [ADMIN] Accès refusé à une route admin
[2025-07-14 02:41:18] WARN : [ADMIN] Accès refusé à une route admin
[2025-07-14 02:41:18] WARN : [ADMIN] Accès refusé à une route admin
[2025-07-14 02:41:18] WARN : [ADMIN] Accès refusé à une route admin
[2025-07-14 02:41:18] WARN : [ADMIN] Accès refusé à une route admin
[2025-07-14 02:41:18] WARN : [ADMIN] Accès refusé à une route admin
[2025-07-14 02:41:18] WARN : [ADMIN] Accès refusé à une route admin
[2025-07-14 02:41:19] WARN : [ADMIN] Accès refusé à une route admin
[2025-07-14 02:41:19] WARN : [ADMIN] Accès refusé à une route admin
[2025-07-14 02:41:19] WARN : [ADMIN] Accès refusé à une route admin
[2025-07-14 02:41:19] WARN : [ADMIN] Accès refusé à une route admin
[2025-07-14 02:41:19] WARN : [ADMIN] Accès refusé à une route admin
[2025-07-14 02:41:36] WARN : [ADMIN] Accès refusé à une route admin
[2025-07-14 02:41:36] WARN : [ADMIN] Accès refusé à une route admin
[2025-07-14 02:41:36] WARN : [ADMIN] Accès refusé à une route admin
[2025-07-14 02:41:36] WARN : [ADMIN] Accès refusé à une route admin
[2025-07-14 02:41:36] WARN : [ADMIN] Accès refusé à une route admin
[2025-07-14 02:41:36] WARN : [ADMIN] Accès refusé à une route admin
[2025-07-14 02:41:36] WARN : [ADMIN] Accès refusé à une route admin
[2025-07-14 02:41:36] WARN : [ADMIN] Accès refusé à une route admin
[2025-07-14 02:41:36] WARN : [ADMIN] Accès refusé à une route admin
[2025-07-14 02:41:36] WARN : [ADMIN] Accès refusé à une route admin
[2025-07-14 02:41:36] WARN : [ADMIN] Accès refusé à une route admin
[2025-07-14 02:41:36] WARN : [ADMIN] Accès refusé à une route admin
[2025-07-14 02:42:58] INFO : Clé secrète chargée :
[2025-07-14 02:42:59] INFO :  serveur demarré sur http://localhost:2025
[2025-07-14 02:43:06] INFO : [LOGIN] Connexion réussie : soumane14@gmail.com, rôle : admin
[2025-07-14 02:43:22] INFO : [LOGIN] Connexion réussie : mamlata@gmail.coml, rôle : user
[2025-07-14 02:43:40] WARN : [ADMIN] Accès refusé à une route admin
[2025-07-14 02:43:40] WARN : [ADMIN] Accès refusé à une route admin
[2025-07-14 02:43:40] WARN : [ADMIN] Accès refusé à une route admin
[2025-07-14 02:43:40] WARN : [ADMIN] Accès refusé à une route admin
[2025-07-14 02:43:40] WARN : [ADMIN] Accès refusé à une route admin
[2025-07-14 02:43:40] WARN : [ADMIN] Accès refusé à une route admin
[2025-07-14 02:43:40] WARN : [ADMIN] Accès refusé à une route admin
[2025-07-14 02:43:40] WARN : [ADMIN] Accès refusé à une route admin
[2025-07-14 02:43:40] WARN : [ADMIN] Accès refusé à une route admin
[2025-07-14 02:43:40] WARN : [ADMIN] Accès refusé à une route admin
[2025-07-14 02:43:40] WARN : [ADMIN] Accès refusé à une route admin
[2025-07-14 02:43:40] WARN : [ADMIN] Accès refusé à une route admin
[2025-07-14 02:45:33] INFO : Clé secrète chargée :
[2025-07-14 02:45:33] INFO :  serveur demarré sur http://localhost:2025
[2025-07-14 02:46:01] INFO : Clé secrète chargée :
[2025-07-14 02:46:02] INFO :  serveur demarré sur http://localhost:2025
[2025-07-14 02:46:12] INFO : [LOGIN] Connexion réussie : soumane14@gmail.com, rôle : admin
[2025-07-14 02:48:17] INFO : [LOGIN] Connexion réussie : soumane14@gmail.com, rôle : admin
[2025-07-14 02:52:19] INFO : Clé secrète chargée :
[2025-07-14 02:52:21] INFO :  serveur demarré sur http://localhost:2025
[2025-07-14 02:58:18] INFO : Clé secrète chargée :
[2025-07-14 02:58:19] INFO :  serveur demarré sur http://localhost:2025
[2025-07-14 02:58:50] INFO : Clé secrète chargée :
[2025-07-14 02:58:51] INFO :  serveur demarré sur http://localhost:2025
[2025-07-14 02:58:53] INFO : Clé secrète chargée :
[2025-07-14 02:58:55] INFO :  serveur demarré sur http://localhost:2025
[2025-07-14 02:59:20] INFO : Clé secrète chargée :
[2025-07-14 02:59:21] INFO :  serveur demarré sur http://localhost:2025
[2025-07-14 02:59:29] INFO : Clé secrète chargée :
[2025-07-14 02:59:31] INFO :  serveur demarré sur http://localhost:2025
[2025-07-14 03:02:45] INFO : Clé secrète chargée :
[2025-07-14 03:02:46] INFO :  serveur demarré sur http://localhost:2025
[2025-07-14 03:07:03] INFO : [LOGIN] Connexion réussie : soumane14@gmail.com, rôle : admin
[2025-07-14 03:08:25] INFO : Clé secrète chargée :
[2025-07-14 03:08:26] INFO :  serveur demarré sur http://localhost:2025
[2025-07-14 03:08:33] INFO : [LOGIN] Connexion réussie : soumane14@gmail.com, rôle : admin
[2025-07-14 03:09:02] INFO : [LOGIN] Connexion réussie : soumane14@gmail.com, rôle : admin
[2025-07-14 03:11:49] INFO : Clé secrète chargée :
[2025-07-14 03:11:49] INFO :  serveur demarré sur http://localhost:2025
[2025-07-14 03:11:54] INFO : [LOGIN] Connexion réussie : soumane14@gmail.com, rôle : admin
[2025-07-14 03:12:12] INFO : [LOGIN] Connexion réussie : mamlata@gmail.coml, rôle : user
[2025-07-14 03:16:44] INFO : Clé secrète chargée :
[2025-07-14 03:16:45] INFO :  serveur demarré sur http://localhost:2025
[2025-07-14 03:20:21] INFO : Clé secrète chargée :
[2025-07-14 03:20:22] INFO :  serveur demarré sur http://localhost:2025
[2025-07-14 03:20:29] INFO : [LOGIN] Connexion réussie : soumane14@gmail.com, rôle : admin
[2025-07-14 03:21:14] INFO : [LOGIN] Connexion réussie : soumane14@gmail.com, rôle : admin
[2025-07-14 03:21:25] INFO : [LOGIN] Connexion réussie : soumane14@gmail.com, rôle : admin
[2025-07-14 03:22:12] INFO : [LOGIN] Connexion réussie : mamlata@gmail.coml, rôle : user
[2025-07-14 03:22:25] INFO : [LOGIN] Connexion réussie : soumane14@gmail.com, rôle : admin
[2025-07-14 03:22:43] INFO : [LOGIN] Connexion réussie : soumane14@gmail.com, rôle : admin
[2025-07-14 03:23:10] INFO : Clé secrète chargée :
[2025-07-14 03:23:11] INFO :  serveur demarré sur http://localhost:2025
[2025-07-14 03:23:16] INFO : [LOGIN] Connexion réussie : soumane14@gmail.com, rôle : admin
[2025-07-14 03:24:05] INFO : [LOGIN] Connexion réussie : soumane14@gmail.com, rôle : admin
[2025-07-14 03:24:57] INFO : [LOGIN] Connexion réussie : mamlata@gmail.coml, rôle : user
[2025-07-14 03:31:03] INFO : Clé secrète chargée :
[2025-07-14 03:31:04] INFO :  serveur demarré sur http://localhost:2025
[2025-07-14 03:32:42] INFO : Clé secrète chargée :
[2025-07-14 03:32:43] INFO :  serveur demarré sur http://localhost:2025
[2025-07-14 03:32:44] INFO : Clé secrète chargée :
[2025-07-14 03:32:45] INFO :  serveur demarré sur http://localhost:2025
[2025-07-14 03:33:11] INFO : Clé secrète chargée :
[2025-07-14 03:33:12] INFO :  serveur demarré sur http://localhost:2025
[2025-07-14 03:36:39] INFO : Clé secrète chargée :
[2025-07-14 03:36:40] INFO :  serveur demarré sur http://localhost:2025
[2025-07-14 03:36:58] INFO : [LOGIN] Connexion réussie : soumane14@gmail.com, rôle : admin
[2025-07-14 03:40:01] INFO : Clé secrète chargée :
[2025-07-14 03:40:03] INFO :  serveur demarré sur http://localhost:2025
[2025-07-14 03:40:19] INFO : Clé secrète chargée :
[2025-07-14 03:40:20] INFO :  serveur demarré sur http://localhost:2025
[2025-07-14 03:42:57] INFO : Clé secrète chargée :
[2025-07-14 03:42:58] INFO :  serveur demarré sur http://localhost:2025
[2025-07-14 13:20:44] INFO : Clé secrète chargée :
[2025-07-14 13:20:46] INFO :  serveur demarré sur http://localhost:2025
[2025-07-14 13:38:44] INFO : [LOGIN] Connexion réussie : soumane14@gmail.com, rôle : admin
[2025-07-14 13:43:23] INFO : Clé secrète chargée :
[2025-07-14 13:43:23] INFO :  serveur demarré sur http://localhost:2025
[2025-07-14 13:45:06] INFO : [LOGIN] Connexion réussie : soumane14@gmail.com, rôle : admin
[2025-07-14 19:29:52] INFO : Clé secrète chargée :
[2025-07-14 19:29:53] INFO :  serveur demarré sur http://localhost:2025
[2025-07-14 19:31:03] INFO : Clé secrète chargée :
[2025-07-14 19:31:05] INFO :  serveur demarré sur http://localhost:2025
[2025-07-14 20:11:44] INFO : [LOGIN] Connexion réussie : soumane14@gmail.com, rôle : admin
[2025-07-14 22:12:29] INFO : Clé secrète chargée :
[2025-07-14 22:12:30] INFO :  serveur demarré sur http://localhost:2025
[2025-07-14 22:17:13] INFO : [REGISTER] Nouvel utilisateur créé : mamat@gmail.com
[2025-07-14 22:17:14] INFO : [REGISTER] Email vérification envoyé à mamat@gmail.com
[2025-07-14 22:37:34] INFO : [REGISTER] Utilisateur existant, nouveau code généré : oumar@gmail.com
[2025-07-14 22:37:35] INFO : [REGISTER] Email vérification envoyé à oumar@gmail.com
[2025-07-14 23:13:17] INFO : [REGISTER] Nouvel utilisateur créé : erdfg@gmal.com
[2025-07-14 23:13:18] INFO : [REGISTER] Email vérification envoyé à erdfg@gmal.com
[2025-07-14 23:23:25] INFO : [LOGIN] Connexion réussie : soumane14@gmail.com, rôle : admin
[2025-07-14 23:25:23] INFO : [LOGIN] Connexion réussie : soumane14@gmail.com, rôle : admin
[2025-07-14 23:35:13] INFO : Clé secrète chargée :
[2025-07-14 23:35:14] INFO :  serveur demarré sur http://localhost:2025
[2025-07-14 23:36:37] INFO : [REGISTER] Nouvel utilisateur créé : mamatt@gmail.com
[2025-07-14 23:36:39] INFO : [REGISTER] Email vérification envoyé à mamatt@gmail.com
[2025-07-14 23:38:18] WARN : [REGISTER] Nouveau code trop tôt pour : mamatt@gmail.com
[2025-07-14 23:38:32] INFO : [REGISTER] Nouvel utilisateur créé : mamattt@gmail.com
[2025-07-14 23:38:33] INFO : [REGISTER] Email vérification envoyé à mamattt@gmail.com
[2025-07-14 23:39:26] INFO : [VERIFYEMAIL] Email vérifié pour : mamattt@gmail.com
[2025-07-14 23:40:03] WARN : [LOGIN] Mot de passe incorrect pour : mamattt@gmail.com
[2025-07-14 23:40:08] INFO : [LOGIN] Connexion réussie : mamattt@gmail.com, rôle : user
[2025-07-14 23:40:44] INFO : [LOGIN] Connexion réussie : soumane14@gmail.com, rôle : admin
[2025-07-15 02:45:05] INFO : Clé secrète chargée :
[2025-07-15 02:45:09] INFO :  serveur demarré sur http://localhost:2025
[2025-07-15 02:45:12] INFO : [LOGIN] Connexion réussie : soumane14@gmail.com, rôle : admin
[2025-07-15 02:45:33] INFO : [LOGIN] Connexion réussie : soumane14@gmail.com, rôle : admin
[2025-07-15 02:59:56] INFO : [LOGIN] Connexion réussie : soumane14@gmail.com, rôle : admin
[2025-07-15 03:23:40] INFO : Clé secrète chargée :
[2025-07-15 03:23:41] INFO :  serveur demarré sur http://localhost:2025
[2025-07-15 03:24:52] INFO : Clé secrète chargée :
[2025-07-15 03:24:53] INFO :  serveur demarré sur http://localhost:2025
[2025-07-15 03:24:54] INFO : Clé secrète chargée :
[2025-07-15 03:24:56] INFO :  serveur demarré sur http://localhost:2025
[2025-07-15 03:29:12] INFO : Clé secrète chargée :
[2025-07-15 03:29:13] INFO :  serveur demarré sur http://localhost:2025
[2025-07-15 03:30:15] INFO : Clé secrète chargée :
[2025-07-15 03:30:16] INFO :  serveur demarré sur http://localhost:2025
[2025-07-15 03:30:29] INFO : Clé secrète chargée :
[2025-07-15 03:30:30] INFO :  serveur demarré sur http://localhost:2025
[2025-07-15 03:36:26] INFO : Clé secrète chargée :
[2025-07-15 03:36:27] INFO :  serveur demarré sur http://localhost:2025
[2025-07-15 03:41:31] INFO : Clé secrète chargée :
[2025-07-15 03:41:33] INFO :  serveur demarré sur http://localhost:2025
[2025-07-15 03:46:23] INFO : Clé secrète chargée :
[2025-07-15 03:46:24] INFO :  serveur demarré sur http://localhost:2025
[2025-07-15 03:47:37] INFO : Clé secrète chargée :
[2025-07-15 03:47:38] INFO :  serveur demarré sur http://localhost:2025
[2025-07-15 03:55:20] INFO : Clé secrète chargée :
[2025-07-15 03:55:21] INFO :  serveur demarré sur http://localhost:2025
[2025-07-15 03:55:23] INFO : Clé secrète chargée :
[2025-07-15 03:55:24] INFO :  serveur demarré sur http://localhost:2025
[2025-07-15 03:55:28] INFO : Clé secrète chargée :
[2025-07-15 03:55:29] INFO :  serveur demarré sur http://localhost:2025
[2025-07-15 03:55:59] INFO : Clé secrète chargée :
[2025-07-15 03:56:01] INFO :  serveur demarré sur http://localhost:2025
[2025-07-15 03:58:00] INFO : Clé secrète chargée :
[2025-07-15 03:58:01] INFO :  serveur demarré sur http://localhost:2025
[2025-07-15 03:59:05] INFO : Clé secrète chargée :
[2025-07-15 03:59:06] INFO :  serveur demarré sur http://localhost:2025
[2025-07-15 03:59:20] INFO : Clé secrète chargée :
[2025-07-15 03:59:21] INFO :  serveur demarré sur http://localhost:2025
[2025-07-15 04:00:19] INFO : Clé secrète chargée :
[2025-07-15 04:00:20] INFO :  serveur demarré sur http://localhost:2025
[2025-07-15 04:02:53] INFO : Clé secrète chargée :
[2025-07-15 04:02:54] INFO :  serveur demarré sur http://localhost:2025
[2025-07-15 04:03:06] INFO : Clé secrète chargée :
[2025-07-15 04:03:07] INFO :  serveur demarré sur http://localhost:2025
[2025-07-15 04:03:31] INFO : Clé secrète chargée :
[2025-07-15 04:03:32] INFO :  serveur demarré sur http://localhost:2025
[2025-07-15 04:03:33] INFO : Clé secrète chargée :
[2025-07-15 04:03:34] INFO :  serveur demarré sur http://localhost:2025
[2025-07-15 04:03:37] INFO : Clé secrète chargée :
[2025-07-15 04:03:39] INFO :  serveur demarré sur http://localhost:2025
[2025-07-15 04:03:48] INFO : Clé secrète chargée :
[2025-07-15 04:03:49] INFO :  serveur demarré sur http://localhost:2025
[2025-07-15 04:03:51] INFO : Clé secrète chargée :
[2025-07-15 04:03:52] INFO :  serveur demarré sur http://localhost:2025
[2025-07-15 04:03:55] INFO : Clé secrète chargée :
[2025-07-15 04:03:56] INFO :  serveur demarré sur http://localhost:2025
[2025-07-15 04:03:58] INFO : Clé secrète chargée :
[2025-07-15 04:03:59] INFO :  serveur demarré sur http://localhost:2025
[2025-07-15 04:04:11] INFO : Clé secrète chargée :
[2025-07-15 04:04:12] INFO :  serveur demarré sur http://localhost:2025
[2025-07-15 04:04:32] INFO : Clé secrète chargée :
[2025-07-15 04:04:33] INFO :  serveur demarré sur http://localhost:2025
[2025-07-15 04:04:36] INFO : Clé secrète chargée :
[2025-07-15 04:04:38] INFO :  serveur demarré sur http://localhost:2025
[2025-07-15 04:04:48] INFO : Clé secrète chargée :
[2025-07-15 04:04:49] INFO :  serveur demarré sur http://localhost:2025
[2025-07-15 04:04:50] INFO : Clé secrète chargée :
[2025-07-15 04:04:52] INFO :  serveur demarré sur http://localhost:2025
[2025-07-15 04:04:58] INFO : Clé secrète chargée :
[2025-07-15 04:04:59] INFO :  serveur demarré sur http://localhost:2025
[2025-07-15 04:05:01] INFO : Clé secrète chargée :
[2025-07-15 04:05:02] INFO :  serveur demarré sur http://localhost:2025
[2025-07-15 04:06:43] INFO : Clé secrète chargée :
[2025-07-15 04:06:44] INFO :  serveur demarré sur http://localhost:2025
[2025-07-15 04:27:33] INFO : [LOGIN] Connexion réussie : soumane14@gmail.com, rôle : admin
[2025-07-15 04:28:53] INFO : [LOGIN] Connexion réussie : soumane14@gmail.com, rôle : admin
[2025-07-15 05:13:35] INFO : [REGISTER] Utilisateur existant, nouveau code généré : mamata@gmail.com
[2025-07-15 05:13:36] INFO : [REGISTER] Email vérification envoyé à mamata@gmail.com
[2025-07-15 05:14:06] INFO : [LOGIN] Connexion réussie : soumane14@gmail.com, rôle : admin
[2025-07-15 06:10:05] INFO : [LOGIN] Connexion réussie : soumane14@gmail.com, rôle : admin
[2025-07-15 06:13:52] INFO : Clé secrète chargée :
[2025-07-15 06:13:52] INFO :  serveur demarré sur http://localhost:2025
[2025-07-15 06:26:08] INFO : Clé secrète chargée :
[2025-07-15 06:26:09] INFO :  serveur demarré sur http://localhost:2025
[2025-07-15 06:26:27] INFO : Clé secrète chargée :
[2025-07-15 06:26:28] INFO :  serveur demarré sur http://localhost:2025
[2025-07-15 06:26:30] INFO : Clé secrète chargée :
[2025-07-15 06:26:31] INFO :  serveur demarré sur http://localhost:2025
[2025-07-15 06:26:33] INFO : Clé secrète chargée :
[2025-07-15 06:26:34] INFO :  serveur demarré sur http://localhost:2025
[2025-07-15 06:26:38] INFO : Clé secrète chargée :
[2025-07-15 06:26:39] INFO :  serveur demarré sur http://localhost:2025
[2025-07-15 06:26:46] INFO : Clé secrète chargée :
[2025-07-15 06:26:48] INFO :  serveur demarré sur http://localhost:2025
[2025-07-15 06:26:51] INFO : Clé secrète chargée :
[2025-07-15 06:26:52] INFO :  serveur demarré sur http://localhost:2025
[2025-07-15 06:26:56] INFO : Clé secrète chargée :
[2025-07-15 06:26:57] INFO :  serveur demarré sur http://localhost:2025
[2025-07-15 06:27:00] INFO : Clé secrète chargée :
[2025-07-15 06:27:01] INFO :  serveur demarré sur http://localhost:2025
[2025-07-15 06:27:02] INFO : Clé secrète chargée :
[2025-07-15 06:27:03] INFO :  serveur demarré sur http://localhost:2025
[2025-07-15 06:37:47] INFO : Clé secrète chargée :
[2025-07-15 06:37:49] INFO :  serveur demarré sur http://localhost:2025
[2025-07-15 06:37:49] INFO : Clé secrète chargée :
[2025-07-15 06:37:50] INFO :  serveur demarré sur http://localhost:2025
[2025-07-15 06:38:28] INFO : Clé secrète chargée :
[2025-07-15 06:38:29] INFO :  serveur demarré sur http://localhost:2025
[2025-07-15 06:45:37] INFO : [LOGIN] Connexion réussie : soumane14@gmail.com, rôle : admin
[2025-07-15 06:45:50] INFO : [LOGIN] Connexion réussie : soumane14@gmail.com, rôle : admin
[2025-07-15 06:46:04] INFO : [LOGIN] Connexion réussie : soumane14@gmail.com, rôle : admin
[2025-07-15 06:48:11] INFO : [REGISTER] Nouvel utilisateur créé : erdfretytffdffdfsddfgg@gmal.com
[2025-07-15 06:48:13] INFO : [REGISTER] Email vérification envoyé à erdfretytffdffdfsddfgg@gmal.com
[2025-07-15 17:52:04] INFO : Clé secrète chargée :
[2025-07-15 17:52:05] INFO :  serveur demarré sur http://localhost:2025
[2025-07-15 17:52:35] INFO : [LOGIN] Connexion réussie : soumane14@gmail.com, rôle : admin
[2025-07-15 18:56:03] INFO : [LOGIN] Connexion réussie : soumane14@gmail.com, rôle : admin
[2025-07-15 19:00:36] INFO : [LOGIN] Connexion réussie : soumane14@gmail.com, rôle : admin
[2025-07-15 20:01:51] INFO : Clé secrète chargée :
[2025-07-15 20:01:55] INFO :  serveur demarré sur http://localhost:2025
[2025-07-15 20:02:00] INFO : [LOGIN] Connexion réussie : soumane14@gmail.com, rôle : admin
[2025-07-15 22:01:22] INFO : [LOGIN] Connexion réussie : soumane14@gmail.com, rôle : admin
